[2025-08-31 04:55:26,778 ] 156 root - INFO - Starting vectorstore pipeline (product data only)
[2025-08-31 04:55:26,784 ] 62 root - INFO - Loading data from artifacts/data_cleaned.csv
[2025-08-31 04:55:27,067 ] 73 root - INFO - Sample data from artifacts/data_cleaned.csv: [Document(metadata={'source': 'artifacts/data_cleaned.csv', 'row': 0}, page_content=": 0\nBrand Name: C J Enterprise\nProduct Name: Women's Kanjivaram Art Silk Saree Soft Banarasi Style Sari With Blouse Piece For Wedding (Pari122-51)\nRating: 4.0 out of 5 stars\nRating Count: 1,177\nSelling Price: £4.74\nMRP: £9.49\nOffer: (50% off)"), Document(metadata={'source': 'artifacts/data_cleaned.csv', 'row': 1}, page_content=": 1\nBrand Name: SGF11\nProduct Name: Women's Kanjivaram Soft Silk Saree With Blouse Piece\nRating: 3.8 out of 5 stars\nRating Count: 1,806\nSelling Price: £5.67\nMRP: £56.99\nOffer: (90% off)")]
[2025-08-31 04:55:27,076 ] 75 root - INFO - Loaded 937 documents from artifacts/data_cleaned.csv.
[2025-08-31 04:55:27,079 ] 82 root - INFO - Total combined documents: 937
[2025-08-31 04:55:27,080 ] 89 root - INFO - Initializing NVIDIA Embeddings.
[2025-08-31 04:55:27,084 ] 95 root - INFO - Embeddings initialized successfully.
[2025-08-31 04:55:27,086 ] 110 root - INFO - Connecting to Pinecone and creating index: ecommerce-chatbot-project
[2025-08-31 04:55:47,095 ] 136 root - INFO - Index status before uploading: {'dimension': 4096,
 'index_fullness': 0.0,
 'metric': 'cosine',
 'namespaces': {'': {'vector_count': 24792}},
 'total_vector_count': 24792,
 'vector_type': 'dense'}
[2025-08-31 05:01:38,201 ] 143 root - INFO - Index status after uploading: {'dimension': 4096,
 'index_fullness': 0.0,
 'metric': 'cosine',
 'namespaces': {'': {'vector_count': 25729}},
 'total_vector_count': 25729,
 'vector_type': 'dense'}
[2025-08-31 05:01:38,202 ] 145 root - INFO - Successfully created vector store with 937 documents
[2025-08-31 05:01:38,222 ] 165 root - INFO - Vectorstore pipeline completed successfully (product data only)
