[2025-08-12 22:56:31,981 ] 133 root - INFO - Starting vectorstore pipeline
[2025-08-12 22:56:31,982 ] 50 root - INFO - Loading data from artifacts/data_cleaned.csv
[2025-08-12 22:56:32,003 ] 57 root - INFO - Sample data: [Document(metadata={'source': 'artifacts/data_cleaned.csv', 'row': 0}, page_content=": 0\nBrand Name: C J Enterprise\nProduct Name: Women's Kanjivaram Art Silk Saree Soft Banarasi Style Sari With Blouse Piece For Wedding (Pari122-51)\nRating: 4.0 out of 5 stars\nRating Count: 1,177\nSelling Price: £4.74\nMRP: £9.49\nOffer: (50% off)"), Document(metadata={'source': 'artifacts/data_cleaned.csv', 'row': 1}, page_content=": 1\nBrand Name: SGF11\nProduct Name: Women's Kanjivaram Soft Silk Saree With Blouse Piece\nRating: 3.8 out of 5 stars\nRating Count: 1,806\nSelling Price: £5.67\nMRP: £56.99\nOffer: (90% off)"), Document(metadata={'source': 'artifacts/data_cleaned.csv', 'row': 2}, page_content=": 2\nBrand Name: SIRIL\nProduct Name: Women's Lace & Printed Chiffon Saree with Blouse\nRating: 3.8 out of 5 stars\nRating Count: 1,512\nSelling Price: £4.73\nMRP: £33.43\nOffer: (86% off)"), Document(metadata={'source': 'artifacts/data_cleaned.csv', 'row': 3}, page_content=": 3\nBrand Name: SGF11\nProduct Name: Women's Kanjivaram Pure Soft Silk Saree For Women Pure Golden Zari With Blouse Piece\nRating: 4.1 out of 5 stars\nRating Count: 162\nSelling Price: £12.33\nMRP: £85.49\nOffer: (86% off)"), Document(metadata={'source': 'artifacts/data_cleaned.csv', 'row': 4}, page_content=": 4\nBrand Name: Sidhidata\nProduct Name: Women's Soft Zimmy Choo Fandy Silk Saree With Hand Work Lace Boarder & Comes With Unstitched Blouse Piece (Chhaava)\nRating: 4.5 out of 5 stars\nRating Count: 316\nSelling Price: £9.48\nMRP: £28.49\nOffer: (67% off)")]
[2025-08-12 22:56:32,005 ] 58 root - INFO - Successfully loaded 937 documents.
[2025-08-12 22:56:32,005 ] 69 root - INFO - Initializing NVIDIA Embeddings.
[2025-08-12 22:56:32,007 ] 75 root - INFO - Embeddings initialized successfully.
[2025-08-12 22:56:32,007 ] 89 root - INFO - Connecting to Pinecone and creating index: ecommerce-chatbot-project
[2025-08-12 22:56:47,157 ] 113 root - INFO - Index status before uploading: {'dimension': 4096,
 'index_fullness': 0.0,
 'metric': 'cosine',
 'namespaces': {'': {'vector_count': 937}},
 'total_vector_count': 937,
 'vector_type': 'dense'}
[2025-08-12 22:59:54,849 ] 120 root - INFO - Index status after uploading: {'dimension': 4096,
 'index_fullness': 0.0,
 'metric': 'cosine',
 'namespaces': {'': {'vector_count': 1874}},
 'total_vector_count': 1874,
 'vector_type': 'dense'}
[2025-08-12 22:59:54,849 ] 122 root - INFO - Successfully created vector store with 937 documents
[2025-08-12 22:59:54,854 ] 138 root - INFO - Vectorstore pipeline completed successfully
